Build output check failed:
    Regex: 'command line option .* is valid for .* but not for C\+\+'
    Output line: 'cc1plus: warning: command line option ‘-Wmissing-prototypes’ is valid for C/ObjC but not for C++ [enabled by default]'
Compilation failed:
    source file: '/var/www/opencv/rebuild/CMakeFiles/CMakeTmp/src.cxx'
    check option: ' -fsigned-char -W -Wall -Werror=return-type -Werror=non-virtual-dtor -Werror=address -Werror=sequence-point -Wformat -Werror=format-security -Wmissing-declarations  -Wmissing-prototypes'
===== BUILD LOG =====
Change Dir: /var/www/opencv/rebuild/CMakeFiles/CMakeTmp

Run Build Command:/usr/bin/make "cmTryCompileExec3754400084/fast"
/usr/bin/make -f CMakeFiles/cmTryCompileExec3754400084.dir/build.make CMakeFiles/cmTryCompileExec3754400084.dir/build
make[1]: Entering directory `/var/www/opencv/rebuild/CMakeFiles/CMakeTmp'
/usr/bin/cmake -E cmake_progress_report /var/www/opencv/rebuild/CMakeFiles/CMakeTmp/CMakeFiles 1
Building CXX object CMakeFiles/cmTryCompileExec3754400084.dir/src.cxx.o
/usr/bin/c++    -O3 -DNDEBUG   -fsigned-char -W -Wall -Werror=return-type -Werror=non-virtual-dtor -Werror=address -Werror=sequence-point -Wformat -Werror=format-security -Wmissing-declarations -Wmissing-prototypes -o CMakeFiles/cmTryCompileExec3754400084.dir/src.cxx.o -c /var/www/opencv/rebuild/CMakeFiles/CMakeTmp/src.cxx
cc1plus: warning: command line option ‘-Wmissing-prototypes’ is valid for C/ObjC but not for C++ [enabled by default]
/var/www/opencv/rebuild/CMakeFiles/CMakeTmp/src.cxx:1:0: warning: ignoring #pragma   [-Wunknown-pragmas]
 #pragma
 ^
Linking CXX executable cmTryCompileExec3754400084
/usr/bin/cmake -E cmake_link_script CMakeFiles/cmTryCompileExec3754400084.dir/link.txt --verbose=1
/usr/bin/c++     -O3 -DNDEBUG    CMakeFiles/cmTryCompileExec3754400084.dir/src.cxx.o  -o cmTryCompileExec3754400084 -rdynamic 
make[1]: Leaving directory `/var/www/opencv/rebuild/CMakeFiles/CMakeTmp'

===== END =====

Build output check failed:
    Regex: 'command line option .* is valid for .* but not for C\+\+'
    Output line: 'cc1plus: warning: command line option ‘-Wstrict-prototypes’ is valid for C/ObjC but not for C++ [enabled by default]'
Compilation failed:
    source file: '/var/www/opencv/rebuild/CMakeFiles/CMakeTmp/src.cxx'
    check option: ' -fsigned-char -W -Wall -Werror=return-type -Werror=non-virtual-dtor -Werror=address -Werror=sequence-point -Wformat -Werror=format-security -Wmissing-declarations  -Wstrict-prototypes'
===== BUILD LOG =====
Change Dir: /var/www/opencv/rebuild/CMakeFiles/CMakeTmp

Run Build Command:/usr/bin/make "cmTryCompileExec3989167522/fast"
/usr/bin/make -f CMakeFiles/cmTryCompileExec3989167522.dir/build.make CMakeFiles/cmTryCompileExec3989167522.dir/build
make[1]: Entering directory `/var/www/opencv/rebuild/CMakeFiles/CMakeTmp'
/usr/bin/cmake -E cmake_progress_report /var/www/opencv/rebuild/CMakeFiles/CMakeTmp/CMakeFiles 1
Building CXX object CMakeFiles/cmTryCompileExec3989167522.dir/src.cxx.o
/usr/bin/c++    -O3 -DNDEBUG   -fsigned-char -W -Wall -Werror=return-type -Werror=non-virtual-dtor -Werror=address -Werror=sequence-point -Wformat -Werror=format-security -Wmissing-declarations -Wstrict-prototypes -o CMakeFiles/cmTryCompileExec3989167522.dir/src.cxx.o -c /var/www/opencv/rebuild/CMakeFiles/CMakeTmp/src.cxx
cc1plus: warning: command line option ‘-Wstrict-prototypes’ is valid for C/ObjC but not for C++ [enabled by default]
/var/www/opencv/rebuild/CMakeFiles/CMakeTmp/src.cxx:1:0: warning: ignoring #pragma   [-Wunknown-pragmas]
 #pragma
 ^
Linking CXX executable cmTryCompileExec3989167522
/usr/bin/cmake -E cmake_link_script CMakeFiles/cmTryCompileExec3989167522.dir/link.txt --verbose=1
/usr/bin/c++     -O3 -DNDEBUG    CMakeFiles/cmTryCompileExec3989167522.dir/src.cxx.o  -o cmTryCompileExec3989167522 -rdynamic 
make[1]: Leaving directory `/var/www/opencv/rebuild/CMakeFiles/CMakeTmp'

===== END =====

Build output check failed:
    Regex: 'command line option .* is valid for .* but not for C'
    Output line: 'cc1: warning: command line option ‘-Wsign-promo’ is valid for C++/ObjC++ but not for C [enabled by default]'
Compilation failed:
    source file: '/var/www/opencv/rebuild/CMakeFiles/CMakeTmp/src.c'
    check option: ' -fsigned-char -W -Wall -Werror=return-type -Werror=non-virtual-dtor -Werror=address -Werror=sequence-point -Wformat -Werror=format-security -Wmissing-declarations -Wmissing-prototypes -Wstrict-prototypes -Wundef -Winit-self -Wpointer-arith -Wshadow  -Wsign-promo'
===== BUILD LOG =====
Change Dir: /var/www/opencv/rebuild/CMakeFiles/CMakeTmp

Run Build Command:/usr/bin/make "cmTryCompileExec3089627555/fast"
/usr/bin/make -f CMakeFiles/cmTryCompileExec3089627555.dir/build.make CMakeFiles/cmTryCompileExec3089627555.dir/build
make[1]: Entering directory `/var/www/opencv/rebuild/CMakeFiles/CMakeTmp'
/usr/bin/cmake -E cmake_progress_report /var/www/opencv/rebuild/CMakeFiles/CMakeTmp/CMakeFiles 1
Building C object CMakeFiles/cmTryCompileExec3089627555.dir/src.c.o
/usr/bin/cc   -O3 -DNDEBUG   -fsigned-char -W -Wall -Werror=return-type -Werror=non-virtual-dtor -Werror=address -Werror=sequence-point -Wformat -Werror=format-security -Wmissing-declarations -Wmissing-prototypes -Wstrict-prototypes -Wundef -Winit-self -Wpointer-arith -Wshadow -Wsign-promo -o CMakeFiles/cmTryCompileExec3089627555.dir/src.c.o   -c /var/www/opencv/rebuild/CMakeFiles/CMakeTmp/src.c
cc1: warning: command line option ‘-Wsign-promo’ is valid for C++/ObjC++ but not for C [enabled by default]
/var/www/opencv/rebuild/CMakeFiles/CMakeTmp/src.c:1:0: warning: ignoring #pragma   [-Wunknown-pragmas]
 #pragma
 ^
Linking C executable cmTryCompileExec3089627555
/usr/bin/cmake -E cmake_link_script CMakeFiles/cmTryCompileExec3089627555.dir/link.txt --verbose=1
/usr/bin/cc    -O3 -DNDEBUG    CMakeFiles/cmTryCompileExec3089627555.dir/src.c.o  -o cmTryCompileExec3089627555 -rdynamic 
make[1]: Leaving directory `/var/www/opencv/rebuild/CMakeFiles/CMakeTmp'

===== END =====

Build output check failed:
    Regex: 'command line option .* is valid for .* but not for C'
    Output line: 'cc1: warning: command line option ‘-Wno-delete-non-virtual-dtor’ is valid for C++/ObjC++ but not for C [enabled by default]'
Compilation failed:
    source file: '/var/www/opencv/rebuild/CMakeFiles/CMakeTmp/src.c'
    check option: ' -fsigned-char -W -Wall -Werror=return-type -Werror=non-virtual-dtor -Werror=address -Werror=sequence-point -Wformat -Werror=format-security -Wmissing-declarations -Wmissing-prototypes -Wstrict-prototypes -Wundef -Winit-self -Wpointer-arith -Wshadow -Wno-narrowing  -Wno-delete-non-virtual-dtor'
===== BUILD LOG =====
Change Dir: /var/www/opencv/rebuild/CMakeFiles/CMakeTmp

Run Build Command:/usr/bin/make "cmTryCompileExec78301250/fast"
/usr/bin/make -f CMakeFiles/cmTryCompileExec78301250.dir/build.make CMakeFiles/cmTryCompileExec78301250.dir/build
make[1]: Entering directory `/var/www/opencv/rebuild/CMakeFiles/CMakeTmp'
/usr/bin/cmake -E cmake_progress_report /var/www/opencv/rebuild/CMakeFiles/CMakeTmp/CMakeFiles 1
Building C object CMakeFiles/cmTryCompileExec78301250.dir/src.c.o
/usr/bin/cc   -O3 -DNDEBUG   -fsigned-char -W -Wall -Werror=return-type -Werror=non-virtual-dtor -Werror=address -Werror=sequence-point -Wformat -Werror=format-security -Wmissing-declarations -Wmissing-prototypes -Wstrict-prototypes -Wundef -Winit-self -Wpointer-arith -Wshadow -Wno-narrowing -Wno-delete-non-virtual-dtor -o CMakeFiles/cmTryCompileExec78301250.dir/src.c.o   -c /var/www/opencv/rebuild/CMakeFiles/CMakeTmp/src.c
cc1: warning: command line option ‘-Wno-delete-non-virtual-dtor’ is valid for C++/ObjC++ but not for C [enabled by default]
/var/www/opencv/rebuild/CMakeFiles/CMakeTmp/src.c:1:0: warning: ignoring #pragma   [-Wunknown-pragmas]
 #pragma
 ^
Linking C executable cmTryCompileExec78301250
/usr/bin/cmake -E cmake_link_script CMakeFiles/cmTryCompileExec78301250.dir/link.txt --verbose=1
/usr/bin/cc    -O3 -DNDEBUG    CMakeFiles/cmTryCompileExec78301250.dir/src.c.o  -o cmTryCompileExec78301250 -rdynamic 
make[1]: Leaving directory `/var/www/opencv/rebuild/CMakeFiles/CMakeTmp'

===== END =====

Build output check failed:
    Regex: 'unrecognized .*option'
    Output line: 'cc1plus: warning: unrecognized command line option "-Wno-unnamed-type-template-args" [enabled by default]'
Compilation failed:
    source file: '/var/www/opencv/rebuild/CMakeFiles/CMakeTmp/src.cxx'
    check option: ' -fsigned-char -W -Wall -Werror=return-type -Werror=non-virtual-dtor -Werror=address -Werror=sequence-point -Wformat -Werror=format-security -Wmissing-declarations -Wundef -Winit-self -Wpointer-arith -Wshadow -Wsign-promo -Wno-narrowing -Wno-delete-non-virtual-dtor  -Wno-unnamed-type-template-args'
===== BUILD LOG =====
Change Dir: /var/www/opencv/rebuild/CMakeFiles/CMakeTmp

Run Build Command:/usr/bin/make "cmTryCompileExec2139968995/fast"
/usr/bin/make -f CMakeFiles/cmTryCompileExec2139968995.dir/build.make CMakeFiles/cmTryCompileExec2139968995.dir/build
make[1]: Entering directory `/var/www/opencv/rebuild/CMakeFiles/CMakeTmp'
/usr/bin/cmake -E cmake_progress_report /var/www/opencv/rebuild/CMakeFiles/CMakeTmp/CMakeFiles 1
Building CXX object CMakeFiles/cmTryCompileExec2139968995.dir/src.cxx.o
/usr/bin/c++    -O3 -DNDEBUG   -fsigned-char -W -Wall -Werror=return-type -Werror=non-virtual-dtor -Werror=address -Werror=sequence-point -Wformat -Werror=format-security -Wmissing-declarations -Wundef -Winit-self -Wpointer-arith -Wshadow -Wsign-promo -Wno-narrowing -Wno-delete-non-virtual-dtor -Wno-unnamed-type-template-args -o CMakeFiles/cmTryCompileExec2139968995.dir/src.cxx.o -c /var/www/opencv/rebuild/CMakeFiles/CMakeTmp/src.cxx
/var/www/opencv/rebuild/CMakeFiles/CMakeTmp/src.cxx:1:0: warning: ignoring #pragma   [-Wunknown-pragmas]
 #pragma
 ^
cc1plus: warning: unrecognized command line option "-Wno-unnamed-type-template-args" [enabled by default]
Linking CXX executable cmTryCompileExec2139968995
/usr/bin/cmake -E cmake_link_script CMakeFiles/cmTryCompileExec2139968995.dir/link.txt --verbose=1
/usr/bin/c++     -O3 -DNDEBUG    CMakeFiles/cmTryCompileExec2139968995.dir/src.cxx.o  -o cmTryCompileExec2139968995 -rdynamic 
make[1]: Leaving directory `/var/www/opencv/rebuild/CMakeFiles/CMakeTmp'

===== END =====

Build output check failed:
    Regex: 'unrecognized .*option'
    Output line: 'cc1: warning: unrecognized command line option "-Wno-unnamed-type-template-args" [enabled by default]'
Compilation failed:
    source file: '/var/www/opencv/rebuild/CMakeFiles/CMakeTmp/src.c'
    check option: ' -fsigned-char -W -Wall -Werror=return-type -Werror=non-virtual-dtor -Werror=address -Werror=sequence-point -Wformat -Werror=format-security -Wmissing-declarations -Wmissing-prototypes -Wstrict-prototypes -Wundef -Winit-self -Wpointer-arith -Wshadow -Wno-narrowing  -Wno-unnamed-type-template-args'
===== BUILD LOG =====
Change Dir: /var/www/opencv/rebuild/CMakeFiles/CMakeTmp

Run Build Command:/usr/bin/make "cmTryCompileExec560105607/fast"
/usr/bin/make -f CMakeFiles/cmTryCompileExec560105607.dir/build.make CMakeFiles/cmTryCompileExec560105607.dir/build
make[1]: Entering directory `/var/www/opencv/rebuild/CMakeFiles/CMakeTmp'
/usr/bin/cmake -E cmake_progress_report /var/www/opencv/rebuild/CMakeFiles/CMakeTmp/CMakeFiles 1
Building C object CMakeFiles/cmTryCompileExec560105607.dir/src.c.o
/usr/bin/cc   -O3 -DNDEBUG   -fsigned-char -W -Wall -Werror=return-type -Werror=non-virtual-dtor -Werror=address -Werror=sequence-point -Wformat -Werror=format-security -Wmissing-declarations -Wmissing-prototypes -Wstrict-prototypes -Wundef -Winit-self -Wpointer-arith -Wshadow -Wno-narrowing -Wno-unnamed-type-template-args -o CMakeFiles/cmTryCompileExec560105607.dir/src.c.o   -c /var/www/opencv/rebuild/CMakeFiles/CMakeTmp/src.c
/var/www/opencv/rebuild/CMakeFiles/CMakeTmp/src.c:1:0: warning: ignoring #pragma   [-Wunknown-pragmas]
 #pragma
 ^
cc1: warning: unrecognized command line option "-Wno-unnamed-type-template-args" [enabled by default]
Linking C executable cmTryCompileExec560105607
/usr/bin/cmake -E cmake_link_script CMakeFiles/cmTryCompileExec560105607.dir/link.txt --verbose=1
/usr/bin/cc    -O3 -DNDEBUG    CMakeFiles/cmTryCompileExec560105607.dir/src.c.o  -o cmTryCompileExec560105607 -rdynamic 
make[1]: Leaving directory `/var/www/opencv/rebuild/CMakeFiles/CMakeTmp'

===== END =====

Compilation failed:
    source file: '/var/www/opencv/cmake/checks/cpu_popcnt.cpp'
    check option: ' -mpopcnt'
===== BUILD LOG =====
Change Dir: /var/www/opencv/rebuild/CMakeFiles/CMakeTmp

Run Build Command:/usr/bin/make "cmTryCompileExec2955061058/fast"
/usr/bin/make -f CMakeFiles/cmTryCompileExec2955061058.dir/build.make CMakeFiles/cmTryCompileExec2955061058.dir/build
make[1]: Entering directory `/var/www/opencv/rebuild/CMakeFiles/CMakeTmp'
/usr/bin/cmake -E cmake_progress_report /var/www/opencv/rebuild/CMakeFiles/CMakeTmp/CMakeFiles 1
Building CXX object CMakeFiles/cmTryCompileExec2955061058.dir/cpu_popcnt.cpp.o
/usr/bin/c++    -O3 -DNDEBUG   -mpopcnt -o CMakeFiles/cmTryCompileExec2955061058.dir/cpu_popcnt.cpp.o -c /var/www/opencv/cmake/checks/cpu_popcnt.cpp
In file included from /var/www/opencv/cmake/checks/cpu_popcnt.cpp:1:0:
/usr/lib/gcc/x86_64-linux-gnu/4.8/include/nmmintrin.h:31:3: error: #error "SSE4.2 instruction set not enabled"
 # error "SSE4.2 instruction set not enabled"
   ^
make[1]: Leaving directory `/var/www/opencv/rebuild/CMakeFiles/CMakeTmp'
make[1]: *** [CMakeFiles/cmTryCompileExec2955061058.dir/cpu_popcnt.cpp.o] Error 1
make: *** [cmTryCompileExec2955061058/fast] Error 2

===== END =====

Build output check failed:
    Regex: 'command line option .* is valid for .* but not for C'
    Output line: 'cc1: warning: command line option ‘-fvisibility-inlines-hidden’ is valid for C++/ObjC++ but not for C [enabled by default]'
Compilation failed:
    source file: '/var/www/opencv/rebuild/CMakeFiles/CMakeTmp/src.c'
    check option: ' -fsigned-char -W -Wall -Werror=return-type -Werror=non-virtual-dtor -Werror=address -Werror=sequence-point -Wformat -Werror=format-security -Wmissing-declarations -Wmissing-prototypes -Wstrict-prototypes -Wundef -Winit-self -Wpointer-arith -Wshadow -Wno-narrowing -Wno-comment -fdiagnostics-show-option -Wno-long-long -pthread -fomit-frame-pointer -ffunction-sections  -msse -msse2 -msse3 -mssse3 -fvisibility=hidden  -fvisibility-inlines-hidden'
===== BUILD LOG =====
Change Dir: /var/www/opencv/rebuild/CMakeFiles/CMakeTmp

Run Build Command:/usr/bin/make "cmTryCompileExec2648847069/fast"
/usr/bin/make -f CMakeFiles/cmTryCompileExec2648847069.dir/build.make CMakeFiles/cmTryCompileExec2648847069.dir/build
make[1]: Entering directory `/var/www/opencv/rebuild/CMakeFiles/CMakeTmp'
/usr/bin/cmake -E cmake_progress_report /var/www/opencv/rebuild/CMakeFiles/CMakeTmp/CMakeFiles 1
Building C object CMakeFiles/cmTryCompileExec2648847069.dir/src.c.o
/usr/bin/cc   -O3 -DNDEBUG   -fsigned-char -W -Wall -Werror=return-type -Werror=non-virtual-dtor -Werror=address -Werror=sequence-point -Wformat -Werror=format-security -Wmissing-declarations -Wmissing-prototypes -Wstrict-prototypes -Wundef -Winit-self -Wpointer-arith -Wshadow -Wno-narrowing -Wno-comment -fdiagnostics-show-option -Wno-long-long -pthread -fomit-frame-pointer -ffunction-sections -msse -msse2 -msse3 -mssse3 -fvisibility=hidden -fvisibility-inlines-hidden -o CMakeFiles/cmTryCompileExec2648847069.dir/src.c.o   -c /var/www/opencv/rebuild/CMakeFiles/CMakeTmp/src.c
cc1: warning: command line option ‘-fvisibility-inlines-hidden’ is valid for C++/ObjC++ but not for C [enabled by default]
/var/www/opencv/rebuild/CMakeFiles/CMakeTmp/src.c:1:0: warning: ignoring #pragma   [-Wunknown-pragmas]
 #pragma
 ^
Linking C executable cmTryCompileExec2648847069
/usr/bin/cmake -E cmake_link_script CMakeFiles/cmTryCompileExec2648847069.dir/link.txt --verbose=1
/usr/bin/cc    -O3 -DNDEBUG    CMakeFiles/cmTryCompileExec2648847069.dir/src.c.o  -o cmTryCompileExec2648847069 -rdynamic 
make[1]: Leaving directory `/var/www/opencv/rebuild/CMakeFiles/CMakeTmp'

===== END =====

Determining if the system is big endian passed with the following output:
Change Dir: /var/www/opencv/rebuild/CMakeFiles/CMakeTmp

Run Build Command:/usr/bin/make "cmTryCompileExec592144435/fast"
/usr/bin/make -f CMakeFiles/cmTryCompileExec592144435.dir/build.make CMakeFiles/cmTryCompileExec592144435.dir/build
make[1]: Entering directory `/var/www/opencv/rebuild/CMakeFiles/CMakeTmp'
/usr/bin/cmake -E cmake_progress_report /var/www/opencv/rebuild/CMakeFiles/CMakeTmp/CMakeFiles 1
Building C object CMakeFiles/cmTryCompileExec592144435.dir/TestEndianess.c.o
/usr/bin/cc   -fsigned-char -W -Wall -Werror=return-type -Werror=non-virtual-dtor -Werror=address -Werror=sequence-point -Wformat -Werror=format-security -Wmissing-declarations -Wmissing-prototypes -Wstrict-prototypes -Wundef -Winit-self -Wpointer-arith -Wshadow -Wno-narrowing -Wno-comment -fdiagnostics-show-option -Wno-long-long -pthread -fomit-frame-pointer -ffunction-sections  -msse -msse2 -msse3 -mssse3 -fvisibility=hidden  -O3 -DNDEBUG   -o CMakeFiles/cmTryCompileExec592144435.dir/TestEndianess.c.o   -c /var/www/opencv/rebuild/CMakeFiles/CMakeTmp/TestEndianess.c
Linking C executable cmTryCompileExec592144435
/usr/bin/cmake -E cmake_link_script CMakeFiles/cmTryCompileExec592144435.dir/link.txt --verbose=1
/usr/bin/cc     -fsigned-char -W -Wall -Werror=return-type -Werror=non-virtual-dtor -Werror=address -Werror=sequence-point -Wformat -Werror=format-security -Wmissing-declarations -Wmissing-prototypes -Wstrict-prototypes -Wundef -Winit-self -Wpointer-arith -Wshadow -Wno-narrowing -Wno-comment -fdiagnostics-show-option -Wno-long-long -pthread -fomit-frame-pointer -ffunction-sections  -msse -msse2 -msse3 -mssse3 -fvisibility=hidden  -O3 -DNDEBUG    CMakeFiles/cmTryCompileExec592144435.dir/TestEndianess.c.o  -o cmTryCompileExec592144435 -rdynamic 
make[1]: Leaving directory `/var/www/opencv/rebuild/CMakeFiles/CMakeTmp'

TestEndianess.c:
/* A 16 bit integer is required. */
typedef unsigned short cmakeint16;

/* On a little endian machine, these 16bit ints will give "THIS IS LITTLE ENDIAN."
   On a big endian machine the characters will be exchanged pairwise. */
const cmakeint16 info_little[] =  {0x4854, 0x5349, 0x4920, 0x2053, 0x494c, 0x5454, 0x454c, 0x4520, 0x444e, 0x4149, 0x2e4e, 0x0000};

/* on a big endian machine, these 16bit ints will give "THIS IS BIG ENDIAN."
   On a little endian machine the characters will be exchanged pairwise. */
const cmakeint16 info_big[] =     {0x5448, 0x4953, 0x2049, 0x5320, 0x4249, 0x4720, 0x454e, 0x4449, 0x414e, 0x2e2e, 0x0000};

#ifdef __CLASSIC_C__
int main(argc, argv) int argc; char *argv[];
#else
int main(int argc, char *argv[])
#endif
{
  int require = 0;
  require += info_little[argc];
  require += info_big[argc];
  (void)argv;
  return require;
}


Build output check failed:
    Regex: 'unrecognized .*option'
    Output line: 'cc1plus: warning: unrecognized command line option "-Wno-misleading-indentation" [enabled by default]'
Compilation failed:
    source file: '/var/www/opencv/rebuild/CMakeFiles/CMakeTmp/src.cxx'
    check option: ' -Wno-misleading-indentation'
===== BUILD LOG =====
Change Dir: /var/www/opencv/rebuild/CMakeFiles/CMakeTmp

Run Build Command:/usr/bin/make "cmTryCompileExec4179083229/fast"
/usr/bin/make -f CMakeFiles/cmTryCompileExec4179083229.dir/build.make CMakeFiles/cmTryCompileExec4179083229.dir/build
make[1]: Entering directory `/var/www/opencv/rebuild/CMakeFiles/CMakeTmp'
/usr/bin/cmake -E cmake_progress_report /var/www/opencv/rebuild/CMakeFiles/CMakeTmp/CMakeFiles 1
Building CXX object CMakeFiles/cmTryCompileExec4179083229.dir/src.cxx.o
/usr/bin/c++    -fsigned-char -W -Wall -Werror=return-type -Werror=non-virtual-dtor -Werror=address -Werror=sequence-point -Wformat -Werror=format-security   -Winit-self -Wpointer-arith  -Wsign-promo -Wno-narrowing -Wno-delete-non-virtual-dtor -Wno-comment -fdiagnostics-show-option -Wno-long-long -pthread -fomit-frame-pointer -ffunction-sections  -msse -msse2 -msse3 -mssse3 -fvisibility=hidden -fvisibility-inlines-hidden -Wno-shadow -Wno-unused -Wno-sign-compare -Wno-undef -Wno-missing-declarations -Wno-uninitialized -Wno-switch -Wno-parentheses -Wno-array-bounds -Wno-extra -Wno-deprecated-declarations  -O3 -DNDEBUG   -Wno-misleading-indentation -o CMakeFiles/cmTryCompileExec4179083229.dir/src.cxx.o -c /var/www/opencv/rebuild/CMakeFiles/CMakeTmp/src.cxx
/var/www/opencv/rebuild/CMakeFiles/CMakeTmp/src.cxx:1:0: warning: ignoring #pragma   [-Wunknown-pragmas]
 #pragma
 ^
cc1plus: warning: unrecognized command line option "-Wno-misleading-indentation" [enabled by default]
Linking CXX executable cmTryCompileExec4179083229
/usr/bin/cmake -E cmake_link_script CMakeFiles/cmTryCompileExec4179083229.dir/link.txt --verbose=1
/usr/bin/c++      -fsigned-char -W -Wall -Werror=return-type -Werror=non-virtual-dtor -Werror=address -Werror=sequence-point -Wformat -Werror=format-security   -Winit-self -Wpointer-arith  -Wsign-promo -Wno-narrowing -Wno-delete-non-virtual-dtor -Wno-comment -fdiagnostics-show-option -Wno-long-long -pthread -fomit-frame-pointer -ffunction-sections  -msse -msse2 -msse3 -mssse3 -fvisibility=hidden -fvisibility-inlines-hidden -Wno-shadow -Wno-unused -Wno-sign-compare -Wno-undef -Wno-missing-declarations -Wno-uninitialized -Wno-switch -Wno-parentheses -Wno-array-bounds -Wno-extra -Wno-deprecated-declarations  -O3 -DNDEBUG     CMakeFiles/cmTryCompileExec4179083229.dir/src.cxx.o  -o cmTryCompileExec4179083229 -rdynamic 
make[1]: Leaving directory `/var/www/opencv/rebuild/CMakeFiles/CMakeTmp'

===== END =====

Determining if the include file linux/videodev.h exists failed with the following output:
Change Dir: /var/www/opencv/rebuild/CMakeFiles/CMakeTmp

Run Build Command:/usr/bin/make "cmTryCompileExec2137756241/fast"
/usr/bin/make -f CMakeFiles/cmTryCompileExec2137756241.dir/build.make CMakeFiles/cmTryCompileExec2137756241.dir/build
make[1]: Entering directory `/var/www/opencv/rebuild/CMakeFiles/CMakeTmp'
/usr/bin/cmake -E cmake_progress_report /var/www/opencv/rebuild/CMakeFiles/CMakeTmp/CMakeFiles 1
Building C object CMakeFiles/cmTryCompileExec2137756241.dir/CheckIncludeFile.c.o
/usr/bin/cc   -fsigned-char -W -Wall -Werror=return-type -Werror=non-virtual-dtor -Werror=address -Werror=sequence-point -Wformat -Werror=format-security -Wmissing-declarations -Wmissing-prototypes -Wstrict-prototypes -Wundef -Winit-self -Wpointer-arith -Wshadow -Wno-narrowing -Wno-comment -fdiagnostics-show-option -Wno-long-long -pthread -fomit-frame-pointer -ffunction-sections  -msse -msse2 -msse3 -mssse3 -fvisibility=hidden  -O3 -DNDEBUG   -o CMakeFiles/cmTryCompileExec2137756241.dir/CheckIncludeFile.c.o   -c /var/www/opencv/rebuild/CMakeFiles/CMakeTmp/CheckIncludeFile.c
/var/www/opencv/rebuild/CMakeFiles/CMakeTmp/CheckIncludeFile.c:1:28: fatal error: linux/videodev.h: No such file or directory
 #include <linux/videodev.h>
                            ^
compilation terminated.
make[1]: Leaving directory `/var/www/opencv/rebuild/CMakeFiles/CMakeTmp'
make[1]: *** [CMakeFiles/cmTryCompileExec2137756241.dir/CheckIncludeFile.c.o] Error 1
make: *** [cmTryCompileExec2137756241/fast] Error 2


Determining if the include file sys/videoio.h exists failed with the following output:
Change Dir: /var/www/opencv/rebuild/CMakeFiles/CMakeTmp

Run Build Command:/usr/bin/make "cmTryCompileExec697649405/fast"
/usr/bin/make -f CMakeFiles/cmTryCompileExec697649405.dir/build.make CMakeFiles/cmTryCompileExec697649405.dir/build
make[1]: Entering directory `/var/www/opencv/rebuild/CMakeFiles/CMakeTmp'
/usr/bin/cmake -E cmake_progress_report /var/www/opencv/rebuild/CMakeFiles/CMakeTmp/CMakeFiles 1
Building C object CMakeFiles/cmTryCompileExec697649405.dir/CheckIncludeFile.c.o
/usr/bin/cc   -fsigned-char -W -Wall -Werror=return-type -Werror=non-virtual-dtor -Werror=address -Werror=sequence-point -Wformat -Werror=format-security -Wmissing-declarations -Wmissing-prototypes -Wstrict-prototypes -Wundef -Winit-self -Wpointer-arith -Wshadow -Wno-narrowing -Wno-comment -fdiagnostics-show-option -Wno-long-long -pthread -fomit-frame-pointer -ffunction-sections  -msse -msse2 -msse3 -mssse3 -fvisibility=hidden  -O3 -DNDEBUG   -o CMakeFiles/cmTryCompileExec697649405.dir/CheckIncludeFile.c.o   -c /var/www/opencv/rebuild/CMakeFiles/CMakeTmp/CheckIncludeFile.c
/var/www/opencv/rebuild/CMakeFiles/CMakeTmp/CheckIncludeFile.c:1:25: fatal error: sys/videoio.h: No such file or directory
 #include <sys/videoio.h>
                         ^
compilation terminated.
make[1]: Leaving directory `/var/www/opencv/rebuild/CMakeFiles/CMakeTmp'
make[1]: *** [CMakeFiles/cmTryCompileExec697649405.dir/CheckIncludeFile.c.o] Error 1
make: *** [cmTryCompileExec697649405/fast] Error 2


Build output check failed:
    Regex: 'unrecognized .*option'
    Output line: 'cc1plus: warning: unrecognized command line option "-Wno-unused-const-variable" [enabled by default]'
Compilation failed:
    source file: '/var/www/opencv/rebuild/CMakeFiles/CMakeTmp/src.cxx'
    check option: ' -Wno-unused-const-variable'
===== BUILD LOG =====
Change Dir: /var/www/opencv/rebuild/CMakeFiles/CMakeTmp

Run Build Command:/usr/bin/make "cmTryCompileExec928056930/fast"
/usr/bin/make -f CMakeFiles/cmTryCompileExec928056930.dir/build.make CMakeFiles/cmTryCompileExec928056930.dir/build
make[1]: Entering directory `/var/www/opencv/rebuild/CMakeFiles/CMakeTmp'
/usr/bin/cmake -E cmake_progress_report /var/www/opencv/rebuild/CMakeFiles/CMakeTmp/CMakeFiles 1
Building CXX object CMakeFiles/cmTryCompileExec928056930.dir/src.cxx.o
/usr/bin/c++    -fsigned-char -W -Wall -Werror=return-type -Werror=non-virtual-dtor -Werror=address -Werror=sequence-point -Wformat -Werror=format-security -Wmissing-declarations -Wundef -Winit-self -Wpointer-arith -Wshadow -Wsign-promo -Wno-narrowing -Wno-delete-non-virtual-dtor -Wno-comment -fdiagnostics-show-option -Wno-long-long -pthread -fomit-frame-pointer -ffunction-sections  -msse -msse2 -msse3 -mssse3  -fvisibility-inlines-hidden  -O3 -DNDEBUG   -Wno-unused-const-variable -o CMakeFiles/cmTryCompileExec928056930.dir/src.cxx.o -c /var/www/opencv/rebuild/CMakeFiles/CMakeTmp/src.cxx
/var/www/opencv/rebuild/CMakeFiles/CMakeTmp/src.cxx:1:0: warning: ignoring #pragma   [-Wunknown-pragmas]
 #pragma
 ^
cc1plus: warning: unrecognized command line option "-Wno-unused-const-variable" [enabled by default]
Linking CXX executable cmTryCompileExec928056930
/usr/bin/cmake -E cmake_link_script CMakeFiles/cmTryCompileExec928056930.dir/link.txt --verbose=1
/usr/bin/c++      -fsigned-char -W -Wall -Werror=return-type -Werror=non-virtual-dtor -Werror=address -Werror=sequence-point -Wformat -Werror=format-security -Wmissing-declarations -Wundef -Winit-self -Wpointer-arith -Wshadow -Wsign-promo -Wno-narrowing -Wno-delete-non-virtual-dtor -Wno-comment -fdiagnostics-show-option -Wno-long-long -pthread -fomit-frame-pointer -ffunction-sections  -msse -msse2 -msse3 -mssse3  -fvisibility-inlines-hidden  -O3 -DNDEBUG     CMakeFiles/cmTryCompileExec928056930.dir/src.cxx.o  -o cmTryCompileExec928056930 -rdynamic 
make[1]: Leaving directory `/var/www/opencv/rebuild/CMakeFiles/CMakeTmp'

===== END =====

Build output check failed:
    Regex: 'unrecognized .*option'
    Output line: 'cc1plus: warning: unrecognized command line option "-Wno-unused-private-field" [enabled by default]'
Compilation failed:
    source file: '/var/www/opencv/rebuild/CMakeFiles/CMakeTmp/src.cxx'
    check option: ' -Wno-unused-private-field'
===== BUILD LOG =====
Change Dir: /var/www/opencv/rebuild/CMakeFiles/CMakeTmp

Run Build Command:/usr/bin/make "cmTryCompileExec2160179484/fast"
/usr/bin/make -f CMakeFiles/cmTryCompileExec2160179484.dir/build.make CMakeFiles/cmTryCompileExec2160179484.dir/build
make[1]: Entering directory `/var/www/opencv/rebuild/CMakeFiles/CMakeTmp'
/usr/bin/cmake -E cmake_progress_report /var/www/opencv/rebuild/CMakeFiles/CMakeTmp/CMakeFiles 1
Building CXX object CMakeFiles/cmTryCompileExec2160179484.dir/src.cxx.o
/usr/bin/c++    -fsigned-char -W -Wall -Werror=return-type -Werror=non-virtual-dtor -Werror=address -Werror=sequence-point -Wformat -Werror=format-security -Wmissing-declarations -Wundef -Winit-self -Wpointer-arith -Wshadow -Wsign-promo -Wno-narrowing -Wno-delete-non-virtual-dtor -Wno-comment -fdiagnostics-show-option -Wno-long-long -pthread -fomit-frame-pointer -ffunction-sections  -msse -msse2 -msse3 -mssse3 -fvisibility=hidden -fvisibility-inlines-hidden -Wno-unused-function -Wno-overloaded-virtual  -O3 -DNDEBUG   -Wno-unused-private-field -o CMakeFiles/cmTryCompileExec2160179484.dir/src.cxx.o -c /var/www/opencv/rebuild/CMakeFiles/CMakeTmp/src.cxx
/var/www/opencv/rebuild/CMakeFiles/CMakeTmp/src.cxx:1:0: warning: ignoring #pragma   [-Wunknown-pragmas]
 #pragma
 ^
cc1plus: warning: unrecognized command line option "-Wno-unused-private-field" [enabled by default]
Linking CXX executable cmTryCompileExec2160179484
/usr/bin/cmake -E cmake_link_script CMakeFiles/cmTryCompileExec2160179484.dir/link.txt --verbose=1
/usr/bin/c++      -fsigned-char -W -Wall -Werror=return-type -Werror=non-virtual-dtor -Werror=address -Werror=sequence-point -Wformat -Werror=format-security -Wmissing-declarations -Wundef -Winit-self -Wpointer-arith -Wshadow -Wsign-promo -Wno-narrowing -Wno-delete-non-virtual-dtor -Wno-comment -fdiagnostics-show-option -Wno-long-long -pthread -fomit-frame-pointer -ffunction-sections  -msse -msse2 -msse3 -mssse3 -fvisibility=hidden -fvisibility-inlines-hidden -Wno-unused-function -Wno-overloaded-virtual  -O3 -DNDEBUG     CMakeFiles/cmTryCompileExec2160179484.dir/src.cxx.o  -o cmTryCompileExec2160179484 -rdynamic 
make[1]: Leaving directory `/var/www/opencv/rebuild/CMakeFiles/CMakeTmp'

===== END =====

